<?xml version="1.0" encoding="UTF-8"?>
<!-- Generated by org.testng.reporters.JUnitReportReporter -->
<testsuite hostname="DESKTOP-CEKU0A0" name="com.mailer.service.EmailServiceTest" tests="1" failures="0" timestamp="9 Nov 2020 14:37:56 GMT" time="0.016" errors="0">
  <testcase name="sendMailTest" time="0.016" classname="com.mailer.service.EmailServiceTest"/>
</testsuite> <!-- com.mailer.service.EmailServiceTest -->
